TN:
SF:lib/node-tee-errno.js
FNF:0
FNH:0
BRDA:1,0,0,32
BRF:1
BRH:1
DA:1,32
DA:2,32
DA:3,32
DA:4,32
DA:5,32
DA:6,32
DA:7,32
DA:8,32
DA:9,32
DA:10,32
DA:11,32
DA:12,32
DA:13,32
DA:14,32
DA:15,32
DA:16,32
DA:17,32
DA:18,32
DA:19,32
DA:20,32
DA:21,32
DA:22,32
DA:23,32
DA:24,32
DA:25,32
DA:26,32
DA:27,32
DA:28,32
DA:29,32
DA:30,32
DA:31,32
DA:32,32
DA:33,32
DA:34,32
DA:35,32
DA:36,32
DA:37,32
DA:38,32
DA:39,32
DA:40,32
DA:41,32
DA:42,32
DA:43,32
DA:44,32
DA:45,32
DA:46,32
DA:47,32
DA:48,32
DA:49,32
DA:50,32
DA:51,32
DA:52,32
DA:53,32
DA:54,32
DA:55,32
DA:56,32
DA:57,32
DA:58,32
DA:59,32
DA:60,32
DA:61,32
DA:62,32
DA:63,32
DA:64,32
DA:65,32
DA:66,32
DA:67,32
DA:68,32
DA:69,32
DA:70,32
DA:71,32
DA:72,32
DA:73,32
DA:74,32
DA:75,32
DA:76,32
DA:77,32
DA:78,32
DA:79,32
DA:80,32
DA:81,32
DA:82,32
DA:83,32
DA:84,32
DA:85,32
DA:86,32
DA:87,32
DA:88,32
DA:89,32
DA:90,32
DA:91,32
DA:92,32
DA:93,32
DA:94,32
DA:95,32
DA:96,32
DA:97,32
DA:98,32
DA:99,32
DA:100,32
DA:101,32
DA:102,32
DA:103,32
DA:104,32
DA:105,32
DA:106,32
DA:107,32
DA:108,32
DA:109,32
DA:110,32
DA:111,32
DA:112,32
DA:113,32
DA:114,32
DA:115,32
DA:116,32
DA:117,32
DA:118,32
DA:119,32
DA:120,32
DA:121,32
DA:122,32
DA:123,32
DA:124,32
DA:125,32
DA:126,32
DA:127,32
DA:128,32
DA:129,32
DA:130,32
DA:131,32
DA:132,32
DA:133,32
DA:134,32
DA:135,32
DA:136,32
DA:137,32
DA:138,32
DA:139,32
DA:140,32
LH:140
LF:140
end_of_record
SF:lib/node-tee.js
FN:55,anonymous_0
FN:72,parseCmdLine
FN:167,processCmd
FN:170,anonymous_3
FN:172,anonymous_4
FN:178,anonymous_5
FN:211,getHelp
FN:247,getError
FNDA:32,anonymous_0
FNDA:48,parseCmdLine
FNDA:26,processCmd
FNDA:0,anonymous_3
FNDA:8,anonymous_4
FNDA:27,anonymous_5
FNDA:1,getHelp
FNDA:4,getError
FNF:8
FNH:7
BRDA:1,0,0,32
BRDA:55,1,0,32
BRDA:72,2,0,32
BRDA:77,3,0,48
BRDA:96,4,0,12
BRDA:116,5,0,28
BRDA:129,6,0,1
BRDA:149,7,0,1
BRDA:167,8,0,26
BRDA:177,9,0,20
BRDA:170,10,0,0
BRDA:172,11,0,8
BRDA:178,12,0,27
BRDA:179,13,0,10
BRDA:186,14,0,10
BRDA:211,15,0,1
BRDA:247,16,0,4
BRF:17
BRH:16
DA:1,32
DA:2,32
DA:3,32
DA:4,32
DA:5,32
DA:6,32
DA:7,32
DA:8,32
DA:9,32
DA:10,32
DA:11,32
DA:12,32
DA:13,32
DA:14,32
DA:15,32
DA:16,32
DA:17,32
DA:18,32
DA:19,32
DA:20,32
DA:21,32
DA:22,32
DA:23,32
DA:24,32
DA:25,32
DA:26,32
DA:27,32
DA:28,32
DA:29,32
DA:30,32
DA:31,32
DA:32,32
DA:33,32
DA:34,32
DA:35,32
DA:36,32
DA:37,32
DA:38,32
DA:39,32
DA:40,32
DA:41,32
DA:42,32
DA:43,32
DA:44,32
DA:45,32
DA:46,32
DA:47,32
DA:48,32
DA:49,32
DA:50,32
DA:51,32
DA:52,32
DA:53,32
DA:54,32
DA:55,32
DA:56,32
DA:57,32
DA:58,32
DA:59,32
DA:60,32
DA:61,32
DA:62,32
DA:63,32
DA:64,32
DA:65,32
DA:66,32
DA:67,32
DA:68,32
DA:69,32
DA:70,32
DA:71,32
DA:72,32
DA:73,32
DA:74,32
DA:75,32
DA:76,32
DA:77,32
DA:78,48
DA:79,48
DA:80,48
DA:81,48
DA:82,48
DA:83,48
DA:84,48
DA:85,48
DA:86,48
DA:87,48
DA:88,48
DA:89,48
DA:90,48
DA:91,48
DA:92,48
DA:93,48
DA:94,48
DA:95,48
DA:96,48
DA:97,12
DA:98,12
DA:99,12
DA:100,12
DA:101,12
DA:102,12
DA:103,12
DA:104,12
DA:105,12
DA:106,12
DA:107,12
DA:108,12
DA:109,12
DA:110,12
DA:111,12
DA:112,12
DA:113,12
DA:114,12
DA:115,12
DA:116,12
DA:117,28
DA:118,28
DA:119,28
DA:120,28
DA:121,28
DA:122,28
DA:123,28
DA:124,28
DA:125,28
DA:126,28
DA:127,28
DA:128,28
DA:129,28
DA:130,1
DA:131,1
DA:132,1
DA:133,1
DA:134,1
DA:135,1
DA:136,1
DA:137,1
DA:138,1
DA:139,1
DA:140,1
DA:141,1
DA:142,1
DA:143,1
DA:144,1
DA:145,1
DA:146,1
DA:147,1
DA:148,1
DA:149,1
DA:150,1
DA:151,1
DA:152,1
DA:153,1
DA:154,1
DA:155,32
DA:156,32
DA:157,32
DA:158,32
DA:159,32
DA:160,32
DA:161,32
DA:162,32
DA:163,32
DA:164,32
DA:165,32
DA:166,32
DA:167,26
DA:168,26
DA:169,26
DA:170,26
DA:171,26
DA:172,26
DA:173,8
DA:174,8
DA:175,26
DA:176,26
DA:177,26
DA:178,20
DA:179,27
DA:180,10
DA:181,10
DA:182,10
DA:183,10
DA:184,10
DA:185,10
DA:186,10
DA:187,10
DA:188,10
DA:189,10
DA:190,10
DA:191,10
DA:192,10
DA:193,10
DA:194,20
DA:195,20
DA:196,26
DA:197,26
DA:198,26
DA:199,32
DA:200,32
DA:201,32
DA:202,32
DA:203,32
DA:204,32
DA:205,32
DA:206,32
DA:207,32
DA:208,32
DA:209,32
DA:210,32
DA:211,1
DA:212,1
DA:213,1
DA:214,1
DA:215,1
DA:216,1
DA:217,1
DA:218,1
DA:219,1
DA:220,1
DA:221,1
DA:222,1
DA:223,1
DA:224,1
DA:225,1
DA:226,1
DA:227,1
DA:228,1
DA:229,1
DA:230,1
DA:231,1
DA:232,1
DA:233,1
DA:234,32
DA:235,32
DA:236,32
DA:237,32
DA:238,32
DA:239,32
DA:240,32
DA:241,32
DA:242,32
DA:243,32
DA:244,32
DA:245,32
DA:246,32
DA:247,4
DA:248,4
DA:249,4
DA:250,4
DA:251,4
DA:252,4
DA:253,4
DA:254,4
DA:255,4
DA:256,4
DA:257,4
DA:258,4
DA:259,4
DA:260,4
DA:261,4
DA:262,4
DA:263,4
DA:264,4
DA:265,4
DA:266,4
DA:267,4
DA:268,4
DA:269,4
DA:270,4
DA:271,4
DA:272,4
DA:273,4
DA:274,4
DA:275,4
DA:276,4
DA:277,4
DA:278,4
LH:278
LF:278
end_of_record
SF:test/node-tee.test.js
FN:82,anonymous_0
FN:95,anonymous_1
FN:100,anonymous_2
FN:126,verifyShellCmd
FN:162,loadTestData
FN:580,cmdData.cmd_aux
FN:581,anonymous_6
FN:584,anonymous_7
FN:587,anonymous_8
FN:591,anonymous_9
FN:594,anonymous_10
FN:597,anonymous_11
FN:623,cmdData.cmd_aux
FN:624,anonymous_13
FN:627,anonymous_14
FN:630,anonymous_15
FN:634,anonymous_16
FN:637,anonymous_17
FN:640,anonymous_18
FN:979,nodeRunner
FN:982,anonymous_20
FN:984,anonymous_21
FN:1008,defRunner
FN:1048,makeTest
FN:1114,getCmdOutput
FN:1118,anonymous_25
FN:1119,anonymous_26
FN:1127,anonymous_27
FN:1128,anonymous_28
FN:1156,parseCmdLine
FN:1228,getHelp
FN:1260,getError
FNDA:13,anonymous_0
FNDA:1,anonymous_1
FNDA:0,anonymous_2
FNDA:1,verifyShellCmd
FNDA:1,loadTestData
FNDA:1,cmdData.cmd_aux
FNDA:1,anonymous_6
FNDA:1,anonymous_7
FNDA:1,anonymous_8
FNDA:1,anonymous_9
FNDA:1,anonymous_10
FNDA:1,anonymous_11
FNDA:1,cmdData.cmd_aux
FNDA:1,anonymous_13
FNDA:1,anonymous_14
FNDA:1,anonymous_15
FNDA:1,anonymous_16
FNDA:1,anonymous_17
FNDA:1,anonymous_18
FNDA:7,nodeRunner
FNDA:44,anonymous_20
FNDA:44,anonymous_21
FNDA:0,defRunner
FNDA:44,makeTest
FNDA:44,getCmdOutput
FNDA:44,anonymous_25
FNDA:44,anonymous_26
FNDA:30,anonymous_27
FNDA:30,anonymous_28
FNDA:13,parseCmdLine
FNDA:4,getHelp
FNDA:3,getError
FNF:32
FNH:32
BRDA:1,0,0,13
BRDA:82,1,0,13
BRDA:103,2,0,0
BRDA:95,3,0,1
BRDA:126,4,0,1
BRDA:140,5,0,0
BRDA:141,6,0,0
BRDA:162,7,0,1
BRDA:183,8,0,0
BRDA:198,9,0,0
BRDA:213,10,0,0
BRDA:228,11,0,0
BRDA:243,12,0,0
BRDA:258,13,0,0
BRDA:273,14,0,0
BRDA:288,15,0,0
BRDA:303,16,0,0
BRDA:321,17,0,0
BRDA:339,18,0,0
BRDA:357,19,0,0
BRDA:396,20,0,0
BRDA:411,21,0,0
BRDA:426,22,0,0
BRDA:446,23,0,0
BRDA:468,24,0,0
BRDA:490,25,0,0
BRDA:506,26,0,0
BRDA:525,27,0,0
BRDA:580,28,0,1
BRDA:581,29,0,1
BRDA:582,30,0,0
BRDA:584,31,0,1
BRDA:585,32,0,0
BRDA:587,33,0,1
BRDA:587,34,0,0
BRDA:591,35,0,1
BRDA:592,36,0,0
BRDA:594,37,0,1
BRDA:595,38,0,0
BRDA:597,39,0,1
BRDA:597,40,0,0
BRDA:623,41,0,1
BRDA:624,42,0,1
BRDA:625,43,0,0
BRDA:627,44,0,1
BRDA:628,45,0,0
BRDA:630,46,0,1
BRDA:630,47,0,0
BRDA:634,48,0,1
BRDA:635,49,0,0
BRDA:637,50,0,1
BRDA:638,51,0,0
BRDA:640,52,0,1
BRDA:640,53,0,0
BRDA:979,54,0,1
BRDA:981,55,0,7
BRDA:982,56,0,7
BRDA:983,57,0,44
BRDA:984,58,0,44
BRDA:1048,59,0,44
BRDA:1056,60,0,0
BRDA:1061,61,0,30
BRDA:1063,62,0,14
BRDA:1064,63,0,14
BRDA:1071,64,0,2
BRDA:1072,65,0,0
BRDA:1114,66,0,44
BRDA:1126,67,0,30
BRDA:1136,68,0,14
BRDA:1118,69,0,44
BRDA:1119,70,0,44
BRDA:1127,71,0,30
BRDA:1128,72,0,30
BRDA:1156,73,0,13
BRDA:1228,74,0,4
BRDA:1260,75,0,3
BRF:76
BRH:40
DA:1,13
DA:2,13
DA:3,13
DA:4,13
DA:5,13
DA:6,13
DA:7,13
DA:8,13
DA:9,13
DA:10,13
DA:11,13
DA:12,13
DA:13,13
DA:14,13
DA:15,13
DA:16,13
DA:17,13
DA:18,13
DA:19,13
DA:20,13
DA:21,13
DA:22,13
DA:23,13
DA:24,13
DA:25,13
DA:26,13
DA:27,13
DA:28,13
DA:29,13
DA:30,13
DA:31,13
DA:32,13
DA:33,13
DA:34,13
DA:35,13
DA:36,13
DA:37,13
DA:38,13
DA:39,13
DA:40,13
DA:41,13
DA:42,13
DA:43,13
DA:44,13
DA:45,13
DA:46,13
DA:47,13
DA:48,13
DA:49,13
DA:50,13
DA:51,13
DA:52,13
DA:53,13
DA:54,13
DA:55,13
DA:56,13
DA:57,13
DA:58,13
DA:59,13
DA:60,13
DA:61,13
DA:62,13
DA:63,13
DA:64,13
DA:65,13
DA:66,13
DA:67,13
DA:68,13
DA:69,13
DA:70,13
DA:71,13
DA:72,13
DA:73,13
DA:74,13
DA:75,13
DA:76,13
DA:77,13
DA:78,13
DA:79,13
DA:80,13
DA:81,13
DA:82,13
DA:83,13
DA:84,13
DA:85,13
DA:86,13
DA:87,13
DA:88,13
DA:89,13
DA:90,13
DA:91,13
DA:92,13
DA:93,13
DA:94,13
DA:95,13
DA:96,1
DA:97,1
DA:98,13
DA:99,13
DA:109,13
DA:110,13
DA:111,13
DA:112,13
DA:113,13
DA:114,13
DA:115,13
DA:116,13
DA:117,13
DA:118,13
DA:119,13
DA:120,13
DA:121,13
DA:122,13
DA:123,13
DA:124,13
DA:125,13
DA:126,1
DA:127,1
DA:128,1
DA:129,1
DA:130,1
DA:131,1
DA:132,1
DA:133,1
DA:134,1
DA:135,1
DA:136,1
DA:137,1
DA:138,1
DA:139,1
DA:140,1
DA:141,1
DA:142,0
DA:143,0
DA:144,0
DA:145,1
DA:146,13
DA:147,13
DA:148,13
DA:149,13
DA:150,13
DA:151,13
DA:152,13
DA:153,13
DA:154,13
DA:155,13
DA:156,13
DA:157,13
DA:158,13
DA:159,13
DA:160,13
DA:161,13
DA:162,1
DA:163,1
DA:164,1
DA:165,1
DA:166,1
DA:167,1
DA:168,1
DA:169,1
DA:170,1
DA:171,1
DA:172,1
DA:173,1
DA:174,1
DA:175,1
DA:176,1
DA:177,1
DA:178,1
DA:179,1
DA:180,1
DA:181,1
DA:182,1
DA:183,1
DA:184,1
DA:185,1
DA:186,1
DA:187,1
DA:188,1
DA:189,1
DA:190,1
DA:191,1
DA:192,1
DA:193,1
DA:194,1
DA:195,1
DA:196,1
DA:197,1
DA:198,1
DA:199,1
DA:200,1
DA:201,1
DA:202,1
DA:203,1
DA:204,1
DA:205,1
DA:206,1
DA:207,1
DA:208,1
DA:209,1
DA:210,1
DA:211,1
DA:212,1
DA:213,1
DA:214,1
DA:215,1
DA:216,1
DA:217,1
DA:218,1
DA:219,1
DA:220,1
DA:221,1
DA:222,1
DA:223,1
DA:224,1
DA:225,1
DA:226,1
DA:227,1
DA:228,1
DA:229,1
DA:230,1
DA:231,1
DA:232,1
DA:233,1
DA:234,1
DA:235,1
DA:236,1
DA:237,1
DA:238,1
DA:239,1
DA:240,1
DA:241,1
DA:242,1
DA:243,1
DA:244,1
DA:245,1
DA:246,1
DA:247,1
DA:248,1
DA:249,1
DA:250,1
DA:251,1
DA:252,1
DA:253,1
DA:254,1
DA:255,1
DA:256,1
DA:257,1
DA:258,1
DA:259,1
DA:260,1
DA:261,1
DA:262,1
DA:263,1
DA:264,1
DA:265,1
DA:266,1
DA:267,1
DA:268,1
DA:269,1
DA:270,1
DA:271,1
DA:272,1
DA:273,1
DA:274,1
DA:275,1
DA:276,1
DA:277,1
DA:278,1
DA:279,1
DA:280,1
DA:281,1
DA:282,1
DA:283,1
DA:284,1
DA:285,1
DA:286,1
DA:287,1
DA:288,1
DA:289,1
DA:290,1
DA:291,1
DA:292,1
DA:293,1
DA:294,1
DA:295,1
DA:296,1
DA:297,1
DA:298,1
DA:299,1
DA:300,1
DA:301,1
DA:302,1
DA:303,1
DA:304,1
DA:305,1
DA:306,1
DA:307,1
DA:308,1
DA:309,1
DA:310,1
DA:311,1
DA:312,1
DA:313,1
DA:314,1
DA:315,1
DA:316,1
DA:317,1
DA:318,1
DA:319,1
DA:320,1
DA:321,1
DA:322,1
DA:323,1
DA:324,1
DA:325,1
DA:326,1
DA:327,1
DA:328,1
DA:329,1
DA:330,1
DA:331,1
DA:332,1
DA:333,1
DA:334,1
DA:335,1
DA:336,1
DA:337,1
DA:338,1
DA:339,1
DA:340,1
DA:341,1
DA:342,1
DA:343,1
DA:344,1
DA:345,1
DA:346,1
DA:347,1
DA:348,1
DA:349,1
DA:350,1
DA:351,1
DA:352,1
DA:353,1
DA:354,1
DA:355,1
DA:356,1
DA:357,1
DA:358,1
DA:359,1
DA:360,1
DA:361,1
DA:362,1
DA:363,1
DA:364,1
DA:365,1
DA:366,1
DA:367,1
DA:368,1
DA:369,1
DA:370,1
DA:371,1
DA:372,1
DA:373,1
DA:374,1
DA:375,1
DA:376,1
DA:377,1
DA:378,1
DA:379,1
DA:380,1
DA:381,1
DA:382,1
DA:383,1
DA:384,1
DA:385,1
DA:386,1
DA:387,1
DA:388,1
DA:389,1
DA:390,1
DA:391,1
DA:392,1
DA:393,1
DA:394,1
DA:395,1
DA:396,1
DA:397,1
DA:398,1
DA:399,1
DA:400,1
DA:401,1
DA:402,1
DA:403,1
DA:404,1
DA:405,1
DA:406,1
DA:407,1
DA:408,1
DA:409,1
DA:410,1
DA:411,1
DA:412,1
DA:413,1
DA:414,1
DA:415,1
DA:416,1
DA:417,1
DA:418,1
DA:419,1
DA:420,1
DA:421,1
DA:422,1
DA:423,1
DA:424,1
DA:425,1
DA:426,1
DA:427,1
DA:428,1
DA:429,1
DA:430,1
DA:431,1
DA:432,1
DA:433,1
DA:434,1
DA:435,1
DA:436,1
DA:437,1
DA:438,1
DA:439,1
DA:440,1
DA:441,1
DA:442,1
DA:443,1
DA:444,1
DA:445,1
DA:446,1
DA:447,1
DA:448,1
DA:449,1
DA:450,1
DA:451,1
DA:452,1
DA:453,1
DA:454,1
DA:455,1
DA:456,1
DA:457,1
DA:458,1
DA:459,1
DA:460,1
DA:461,1
DA:462,1
DA:463,1
DA:464,1
DA:465,1
DA:466,1
DA:467,1
DA:468,1
DA:469,1
DA:470,1
DA:471,1
DA:472,1
DA:473,1
DA:474,1
DA:475,1
DA:476,1
DA:477,1
DA:478,1
DA:479,1
DA:480,1
DA:481,1
DA:482,1
DA:483,1
DA:484,1
DA:485,1
DA:486,1
DA:487,1
DA:488,1
DA:489,1
DA:490,1
DA:491,1
DA:492,1
DA:493,1
DA:494,1
DA:495,1
DA:496,1
DA:497,1
DA:498,1
DA:499,1
DA:500,1
DA:501,1
DA:502,1
DA:503,1
DA:504,1
DA:505,1
DA:506,1
DA:507,1
DA:508,1
DA:509,1
DA:510,1
DA:511,1
DA:512,1
DA:513,1
DA:514,1
DA:515,1
DA:516,1
DA:517,1
DA:518,1
DA:519,1
DA:520,1
DA:521,1
DA:522,1
DA:523,1
DA:524,1
DA:525,1
DA:526,1
DA:527,1
DA:528,1
DA:529,1
DA:530,1
DA:531,1
DA:532,1
DA:533,1
DA:534,1
DA:535,1
DA:536,1
DA:537,1
DA:538,1
DA:539,1
DA:540,1
DA:541,1
DA:542,1
DA:543,1
DA:544,1
DA:545,1
DA:546,1
DA:547,1
DA:548,1
DA:549,1
DA:550,1
DA:551,1
DA:552,1
DA:553,1
DA:554,1
DA:555,1
DA:556,1
DA:557,1
DA:558,1
DA:559,1
DA:560,1
DA:561,1
DA:562,1
DA:563,1
DA:564,1
DA:565,1
DA:566,1
DA:567,1
DA:568,1
DA:569,1
DA:570,1
DA:571,1
DA:572,1
DA:573,1
DA:574,1
DA:575,1
DA:576,1
DA:577,1
DA:578,1
DA:579,1
DA:580,1
DA:581,1
DA:582,1
DA:583,1
DA:584,1
DA:585,1
DA:586,1
DA:587,1
DA:588,1
DA:589,1
DA:590,1
DA:591,1
DA:592,1
DA:593,1
DA:594,1
DA:595,1
DA:596,1
DA:597,1
DA:598,1
DA:599,1
DA:600,1
DA:601,1
DA:602,1
DA:603,1
DA:604,1
DA:605,1
DA:606,1
DA:607,1
DA:608,1
DA:609,1
DA:610,1
DA:611,1
DA:612,1
DA:613,1
DA:614,1
DA:615,1
DA:616,1
DA:617,1
DA:618,1
DA:619,1
DA:620,1
DA:621,1
DA:622,1
DA:623,1
DA:624,1
DA:625,1
DA:626,1
DA:627,1
DA:628,1
DA:629,1
DA:630,1
DA:631,1
DA:632,1
DA:633,1
DA:634,1
DA:635,1
DA:636,1
DA:637,1
DA:638,1
DA:639,1
DA:640,1
DA:641,1
DA:642,1
DA:643,1
DA:644,1
DA:645,1
DA:646,1
DA:647,1
DA:648,1
DA:649,1
DA:650,1
DA:651,1
DA:652,1
DA:653,1
DA:654,1
DA:655,1
DA:656,1
DA:657,1
DA:658,1
DA:659,1
DA:660,1
DA:661,1
DA:662,1
DA:663,1
DA:664,1
DA:665,1
DA:666,1
DA:667,1
DA:668,1
DA:669,1
DA:670,1
DA:671,1
DA:672,1
DA:673,1
DA:674,1
DA:675,1
DA:676,1
DA:677,1
DA:678,1
DA:679,1
DA:680,1
DA:681,1
DA:682,1
DA:683,1
DA:684,1
DA:685,1
DA:686,1
DA:687,1
DA:688,1
DA:689,1
DA:690,1
DA:691,1
DA:692,1
DA:693,1
DA:694,1
DA:695,1
DA:696,1
DA:697,1
DA:698,1
DA:699,1
DA:700,1
DA:701,1
DA:702,1
DA:703,1
DA:704,1
DA:705,1
DA:706,1
DA:707,1
DA:708,1
DA:709,1
DA:710,1
DA:711,1
DA:712,1
DA:713,1
DA:714,1
DA:715,1
DA:716,1
DA:717,1
DA:718,1
DA:719,1
DA:720,1
DA:721,1
DA:722,1
DA:723,1
DA:724,1
DA:725,1
DA:726,1
DA:727,1
DA:728,1
DA:729,1
DA:730,1
DA:731,1
DA:732,1
DA:733,1
DA:734,1
DA:735,1
DA:736,1
DA:737,1
DA:738,1
DA:739,1
DA:740,1
DA:741,1
DA:742,1
DA:743,1
DA:744,1
DA:745,1
DA:746,1
DA:747,1
DA:748,1
DA:749,1
DA:750,1
DA:751,1
DA:752,1
DA:753,1
DA:754,1
DA:755,1
DA:756,1
DA:757,1
DA:758,1
DA:759,1
DA:760,1
DA:761,1
DA:762,1
DA:763,1
DA:764,1
DA:765,1
DA:766,1
DA:767,1
DA:768,1
DA:769,1
DA:770,1
DA:771,1
DA:772,1
DA:773,1
DA:774,1
DA:775,1
DA:776,1
DA:777,1
DA:778,1
DA:779,1
DA:780,1
DA:781,1
DA:782,1
DA:783,1
DA:784,1
DA:785,1
DA:786,1
DA:787,1
DA:788,1
DA:789,1
DA:790,1
DA:791,1
DA:792,1
DA:793,1
DA:794,1
DA:795,1
DA:796,1
DA:797,1
DA:798,1
DA:799,1
DA:800,1
DA:801,1
DA:802,1
DA:803,1
DA:804,1
DA:805,1
DA:806,1
DA:807,1
DA:808,1
DA:809,1
DA:810,1
DA:811,1
DA:812,1
DA:813,1
DA:814,1
DA:815,1
DA:816,1
DA:817,1
DA:818,1
DA:819,1
DA:820,1
DA:821,1
DA:822,1
DA:823,1
DA:824,1
DA:825,1
DA:826,1
DA:827,1
DA:828,1
DA:829,1
DA:830,1
DA:831,1
DA:832,1
DA:833,1
DA:834,1
DA:835,1
DA:836,1
DA:837,1
DA:838,1
DA:839,1
DA:840,1
DA:841,1
DA:842,1
DA:843,1
DA:844,1
DA:845,1
DA:846,1
DA:847,1
DA:848,1
DA:849,1
DA:850,1
DA:851,1
DA:852,1
DA:853,1
DA:854,1
DA:855,1
DA:856,1
DA:857,1
DA:858,1
DA:859,1
DA:860,1
DA:861,1
DA:862,1
DA:863,1
DA:864,1
DA:865,1
DA:866,1
DA:867,1
DA:868,1
DA:869,1
DA:870,1
DA:871,1
DA:872,1
DA:873,1
DA:874,1
DA:875,1
DA:876,1
DA:877,1
DA:878,1
DA:879,1
DA:880,1
DA:881,1
DA:882,1
DA:883,1
DA:884,1
DA:885,1
DA:886,1
DA:887,1
DA:888,1
DA:889,1
DA:890,1
DA:891,1
DA:892,1
DA:893,1
DA:894,1
DA:895,1
DA:896,1
DA:897,1
DA:898,1
DA:899,1
DA:900,1
DA:901,1
DA:902,1
DA:903,1
DA:904,1
DA:905,1
DA:906,1
DA:907,1
DA:908,1
DA:909,1
DA:910,1
DA:911,1
DA:912,1
DA:913,1
DA:914,1
DA:915,1
DA:916,1
DA:917,1
DA:918,1
DA:919,1
DA:920,1
DA:921,1
DA:922,1
DA:923,1
DA:924,1
DA:925,1
DA:926,1
DA:927,1
DA:928,1
DA:929,1
DA:930,1
DA:931,1
DA:932,1
DA:933,1
DA:934,1
DA:935,1
DA:936,1
DA:937,1
DA:938,1
DA:939,1
DA:940,1
DA:941,1
DA:942,1
DA:943,1
DA:944,1
DA:945,1
DA:946,1
DA:947,1
DA:948,1
DA:949,1
DA:950,1
DA:951,1
DA:952,1
DA:953,1
DA:954,1
DA:955,1
DA:956,1
DA:957,1
DA:958,1
DA:959,1
DA:960,1
DA:961,1
DA:962,13
DA:963,13
DA:964,13
DA:965,13
DA:966,13
DA:967,13
DA:968,13
DA:969,13
DA:970,13
DA:971,13
DA:972,13
DA:973,13
DA:974,13
DA:975,13
DA:976,13
DA:977,13
DA:978,13
DA:979,1
DA:980,1
DA:981,1
DA:982,7
DA:983,7
DA:984,44
DA:985,44
DA:986,44
DA:987,44
DA:988,7
DA:989,7
DA:990,1
DA:991,13
DA:992,13
DA:1030,13
DA:1031,13
DA:1032,13
DA:1033,13
DA:1034,13
DA:1035,13
DA:1036,13
DA:1037,13
DA:1038,13
DA:1039,13
DA:1040,13
DA:1041,13
DA:1042,13
DA:1043,13
DA:1044,13
DA:1045,13
DA:1046,13
DA:1047,13
DA:1048,44
DA:1049,44
DA:1050,44
DA:1051,44
DA:1052,44
DA:1053,44
DA:1054,44
DA:1055,44
DA:1056,44
DA:1057,44
DA:1058,44
DA:1059,44
DA:1060,44
DA:1061,44
DA:1062,44
DA:1063,44
DA:1064,44
DA:1065,44
DA:1066,44
DA:1067,44
DA:1068,44
DA:1069,44
DA:1070,44
DA:1071,44
DA:1072,44
DA:1073,0
DA:1074,0
DA:1093,44
DA:1094,13
DA:1095,13
DA:1096,13
DA:1097,13
DA:1098,13
DA:1099,13
DA:1100,13
DA:1101,13
DA:1102,13
DA:1103,13
DA:1104,13
DA:1105,13
DA:1106,13
DA:1107,13
DA:1108,13
DA:1109,13
DA:1110,13
DA:1111,13
DA:1112,13
DA:1113,13
DA:1114,44
DA:1115,44
DA:1116,44
DA:1117,44
DA:1118,44
DA:1119,44
DA:1120,44
DA:1121,44
DA:1122,44
DA:1123,44
DA:1124,44
DA:1125,44
DA:1126,44
DA:1127,30
DA:1128,30
DA:1129,30
DA:1130,30
DA:1131,30
DA:1132,30
DA:1133,30
DA:1134,30
DA:1135,30
DA:1136,30
DA:1137,14
DA:1138,14
DA:1139,44
DA:1140,13
DA:1141,13
DA:1142,13
DA:1143,13
DA:1144,13
DA:1145,13
DA:1146,13
DA:1147,13
DA:1148,13
DA:1149,13
DA:1150,13
DA:1151,13
DA:1152,13
DA:1153,13
DA:1154,13
DA:1155,13
DA:1156,13
DA:1157,13
DA:1158,13
DA:1159,13
DA:1160,13
DA:1161,13
DA:1162,13
DA:1163,13
DA:1164,13
DA:1165,13
DA:1166,13
DA:1167,13
DA:1168,13
DA:1169,13
DA:1170,13
DA:1171,13
DA:1172,13
DA:1173,13
DA:1174,13
DA:1175,13
DA:1176,13
DA:1177,13
DA:1178,13
DA:1179,13
DA:1180,13
DA:1181,13
DA:1182,13
DA:1183,13
DA:1184,13
DA:1185,13
DA:1186,13
DA:1187,13
DA:1188,13
DA:1189,13
DA:1190,13
DA:1191,13
DA:1192,13
DA:1193,13
DA:1194,13
DA:1195,13
DA:1196,13
DA:1197,13
DA:1198,13
DA:1199,13
DA:1200,13
DA:1201,13
DA:1202,13
DA:1203,13
DA:1204,13
DA:1205,13
DA:1206,13
DA:1207,13
DA:1208,13
DA:1209,13
DA:1210,13
DA:1211,13
DA:1212,13
DA:1213,13
DA:1214,13
DA:1215,13
DA:1216,13
DA:1217,13
DA:1218,13
DA:1219,13
DA:1220,13
DA:1221,13
DA:1222,13
DA:1223,13
DA:1224,13
DA:1225,13
DA:1226,13
DA:1227,13
DA:1228,4
DA:1229,4
DA:1230,4
DA:1231,4
DA:1232,4
DA:1233,4
DA:1234,4
DA:1235,4
DA:1236,4
DA:1237,4
DA:1238,4
DA:1239,4
DA:1240,4
DA:1241,4
DA:1242,4
DA:1243,13
DA:1244,13
DA:1245,13
DA:1246,13
DA:1247,13
DA:1248,13
DA:1249,13
DA:1250,13
DA:1251,13
DA:1252,13
DA:1253,13
DA:1254,13
DA:1255,13
DA:1256,13
DA:1257,13
DA:1258,13
DA:1259,13
DA:1260,3
DA:1261,3
DA:1262,3
DA:1263,3
DA:1264,3
DA:1265,3
DA:1266,3
DA:1267,3
DA:1268,3
DA:1269,3
DA:1270,3
DA:1271,3
DA:1272,3
DA:1273,3
DA:1274,3
DA:1275,3
DA:1276,3
DA:1277,3
DA:1278,3
DA:1279,3
DA:1280,3
DA:1281,3
DA:1282,3
DA:1283,3
LH:1278
LF:1283
end_of_record
